time=2024-07-12T10:35:47.072+05:00 level=ERROR msg="Create reservation request error: %v" !BADKEY="rpc error: code = Unknown desc = dial tcp: address localhost::5432: too many colons in address"
time=2024-07-12T10:37:18.737+05:00 level=ERROR msg="Create reservation request error: %v" !BADKEY="rpc error: code = Unknown desc = dial tcp: address localhost::5432: too many colons in address"
time=2024-07-12T10:42:32.879+05:00 level=ERROR msg="Create reservation request error: %v" !BADKEY="rpc error: code = Unknown desc = dial tcp: address localhost::5432: too many colons in address"
time=2024-07-12T10:46:30.982+05:00 level=ERROR msg="Create reservation request error: %v" !BADKEY="rpc error: code = Unknown desc = dial tcp: address localhost::5432: too many colons in address"
time=2024-07-12T10:47:23.324+05:00 level=ERROR msg="Create reservation request error: %v" !BADKEY="rpc error: code = Unknown desc = dial tcp: address localhost::5432: too many colons in address"
time=2024-07-12T10:51:18.202+05:00 level=ERROR msg="Create reservation request error: %v" !BADKEY="rpc error: code = Unknown desc = dial tcp: address localhost::5432: too many colons in address"
time=2024-07-12T10:52:49.717+05:00 level=ERROR msg="Create reservation request error: %v" !BADKEY="rpc error: code = Unknown desc = dial tcp: address localhost::5432: too many colons in address"
time=2024-07-12T10:56:24.755+05:00 level=ERROR msg="Create reservation request error: " !BADKEY="rpc error: code = Unknown desc = dial tcp: address localhost::5432: too many colons in address"
time=2024-07-12T11:07:08.678+05:00 level=ERROR msg="Create reservation request error: " !BADKEY="rpc error: code = Unavailable desc = connection error: desc = \"transport: Error while dialing: dial tcp 127.0.0.1:6666: connect: connection refused\""
time=2024-07-12T11:08:10.556+05:00 level=ERROR msg="Create reservation request error: " !BADKEY="rpc error: code = Unavailable desc = connection error: desc = \"transport: Error while dialing: dial tcp 127.0.0.1:6666: connect: connection refused\""
time=2024-07-12T11:08:41.032+05:00 level=ERROR msg="Create reservation request error: " !BADKEY="rpc error: code = Unknown desc = dial tcp: address localhost::5432: too many colons in address"
time=2024-07-12T11:12:54.165+05:00 level=ERROR msg="CreateFood request error: %v" !BADKEY="rpc error: code = Unknown desc = dial tcp: address localhost::5432: too many colons in address"
time=2024-07-12T11:18:20.945+05:00 level=ERROR msg="CreateFood request error: %v" !BADKEY="rpc error: code = Unknown desc = dial tcp: address localhost::5432: too many colons in address"
time=2024-07-12T11:18:29.613+05:00 level=ERROR msg="CreateFood request error: %v" !BADKEY="rpc error: code = Unknown desc = dial tcp: address localhost::5432: too many colons in address"
time=2024-07-12T11:23:03.379+05:00 level=ERROR msg="CreateFood request error: %v" !BADKEY="rpc error: code = Unknown desc = dial tcp: address localhost::5432: too many colons in address"
time=2024-07-12T11:24:21.284+05:00 level=ERROR msg="CreateFood request error: %v" !BADKEY="rpc error: code = Unavailable desc = connection error: desc = \"transport: Error while dialing: dial tcp 127.0.0.1:6666: connect: connection refused\""
time=2024-07-12T11:25:01.649+05:00 level=ERROR msg="CreateFood request error: %v" !BADKEY="rpc error: code = Unavailable desc = connection error: desc = \"transport: Error while dialing: dial tcp 127.0.0.1:6666: connect: connection refused\""
time=2024-07-12T11:26:49.905+05:00 level=ERROR msg="CreateFood request error: %v" !BADKEY="rpc error: code = Unavailable desc = connection error: desc = \"transport: Error while dialing: dial tcp 127.0.0.1:6666: connect: connection refused\""
time=2024-07-12T11:27:13.617+05:00 level=ERROR msg="CreateFood request error: %v" !BADKEY="rpc error: code = Unknown desc = pq: invalid input syntax for type uuid: \"1234\""
time=2024-07-12T12:40:32.416+05:00 level=ERROR msg="GetFood request error: %v" !BADKEY="rpc error: code = Unknown desc = pq: column \"restuarant_id\" does not exist"
time=2024-07-12T12:48:55.352+05:00 level=ERROR msg="GetAllFoods request error: %v" !BADKEY="rpc error: code = Unknown desc = pq: column \"restuarant_id\" does not exist"
time=2024-07-12T12:48:57.512+05:00 level=ERROR msg="GetAllFoods request error: %v" !BADKEY="rpc error: code = Unknown desc = pq: column \"restuarant_id\" does not exist"
time=2024-07-12T12:51:38.062+05:00 level=ERROR msg="DeleteFood request error: %v"
time=2024-07-12T12:51:39.575+05:00 level=ERROR msg="DeleteFood request error: %v"
time=2024-07-12T12:53:59.526+05:00 level=ERROR msg="DeleteFood request error: %v"
time=2024-07-12T12:56:03.056+05:00 level=ERROR msg="DeleteFood request error: %v"
time=2024-07-12T13:00:45.868+05:00 level=ERROR msg="Create reservation request error: " !BADKEY="rpc error: code = Unknown desc = pq: column \"restuarant_id\" of relation \"reservations\" does not exist"
time=2024-07-12T13:00:54.224+05:00 level=ERROR msg="Create reservation request error: " !BADKEY="rpc error: code = Unknown desc = pq: column \"restuarant_id\" of relation \"reservations\" does not exist"
time=2024-07-12T13:02:06.472+05:00 level=ERROR msg="Create reservation request error: " !BADKEY="rpc error: code = Unknown desc = pq: column \"restuarant_id\" of relation \"reservations\" does not exist"
time=2024-07-12T13:07:04.969+05:00 level=ERROR msg="Get reservation request error: %v" !BADKEY="rpc error: code = Unknown desc = pq: column \"res_time\" does not exist"
time=2024-07-12T13:08:34.459+05:00 level=ERROR msg="Get reservation request error: %v" !BADKEY="rpc error: code = Unknown desc = sql: Scan error on column index 4, name \"status\": converting NULL to string is unsupported"
time=2024-07-12T13:12:24.345+05:00 level=ERROR msg="Get userReservation request error %v: " !BADKEY="rpc error: code = Unknown desc = pq: invalid input syntax for type uuid: \"\""
time=2024-07-12T13:12:25.593+05:00 level=ERROR msg="Get userReservation request error %v: " !BADKEY="rpc error: code = Unknown desc = pq: invalid input syntax for type uuid: \"\""
time=2024-07-12T13:13:27.372+05:00 level=ERROR msg="Get userReservation request error %v: " !BADKEY="rpc error: code = Unknown desc = pq: invalid input syntax for type uuid: \"\""
time=2024-07-12T13:15:28.158+05:00 level=ERROR msg="Get userReservation request error %v: " !BADKEY="rpc error: code = Unknown desc = pq: invalid input syntax for type uuid: \"\""
time=2024-07-12T13:18:05.142+05:00 level=ERROR msg="Get userReservation request error %v: " !BADKEY="rpc error: code = Unknown desc = pq: invalid input syntax for type uuid: \"\""
time=2024-07-12T13:24:09.128+05:00 level=ERROR msg="Get userReservation request error %v: " !BADKEY="rpc error: code = Unknown desc = pq: invalid input syntax for type uuid: \":id\""
time=2024-07-12T13:27:26.740+05:00 level=ERROR msg="Get userReservation request error %v: " !BADKEY="rpc error: code = Unknown desc = pq: invalid input syntax for type uuid: \":id\""
time=2024-07-12T13:33:51.490+05:00 level=ERROR msg="UpdateReservation request error %v: " !BADKEY="rpc error: code = Unknown desc = pq: syntax error at or near \"status\""
time=2024-07-12T13:34:45.333+05:00 level=ERROR msg="UpdateReservation request error %v: " !BADKEY="rpc error: code = Unknown desc = pq: syntax error at or near \"status\""
time=2024-07-12T13:35:31.984+05:00 level=ERROR msg="UpdateReservation request error %v: " !BADKEY="rpc error: code = Unknown desc = pq: column \"restuarant_id\" of relation \"reservations\" does not exist"
time=2024-07-12T15:36:09.130+05:00 level=ERROR msg="OrderMeal request error %v: " !BADKEY="rpc error: code = Unknown desc = pq: INSERT has more expressions than target columns"
time=2024-07-12T15:40:34.139+05:00 level=ERROR msg="PayForReservation request error %v: " !BADKEY="rpc error: code = Unknown desc = pq: relation \"reservation_payments\" does not exist"
time=2024-07-12T15:40:35.180+05:00 level=ERROR msg="PayForReservation request error %v: " !BADKEY="rpc error: code = Unknown desc = pq: relation \"reservation_payments\" does not exist"
